d:\code\c\visual studio 2019\computergraphics_exp_3\temp\vc142.pdb
d:\code\c\visual studio 2019\computergraphics_exp_3\temp\vc142.idb
d:\code\c\visual studio 2019\computergraphics_exp_3\temp\main.obj
d:\code\c\visual studio 2019\computergraphics_exp_3\temp\edge.obj
d:\code\c\visual studio 2019\computergraphics_exp_3\temp\mesh.obj
d:\code\c\visual studio 2019\computergraphics_exp_3\temp\glcanvas.obj
d:\code\c\visual studio 2019\computergraphics_exp_3\temp\matrix.obj
d:\code\c\visual studio 2019\computergraphics_exp_3\temp\camera.obj
d:\code\c\visual studio 2019\computergraphics_exp_3\bin\computergraphics_exp_3.exe
d:\code\c\visual studio 2019\computergraphics_exp_3\bin\computergraphics_exp_3.ilk
d:\code\c\visual studio 2019\computergraphics_exp_3\bin\computergraphics_exp_3.pdb
d:\code\c\visual studio 2019\computergraphics_exp_3\source\computergraphics_exp_3\../../bin\computergraphics_exp_3.exe
d:\code\c\visual studio 2019\computergraphics_exp_3\temp\computer.ebd85e16.tlog\cl.command.1.tlog
d:\code\c\visual studio 2019\computergraphics_exp_3\temp\computer.ebd85e16.tlog\cl.read.1.tlog
d:\code\c\visual studio 2019\computergraphics_exp_3\temp\computer.ebd85e16.tlog\cl.write.1.tlog
d:\code\c\visual studio 2019\computergraphics_exp_3\temp\computer.ebd85e16.tlog\link.command.1.tlog
d:\code\c\visual studio 2019\computergraphics_exp_3\temp\computer.ebd85e16.tlog\link.read.1.tlog
d:\code\c\visual studio 2019\computergraphics_exp_3\temp\computer.ebd85e16.tlog\link.write.1.tlog
d:\code\c\visual studio 2019\computergraphics_exp_3\temp\computer.ebd85e16.tlog\../../bin\computergraphics_exp_3.pdb
d:\code\c\visual studio 2019\computergraphics_exp_3\temp\computer.ebd85e16.tlog\../../bin\computergraphics_exp_3.ilk
